Name                                       Stmts   Miss  Cover   Missing
------------------------------------------------------------------------
app/__init__.py                              135     56    59%   30, 40-47, 169-170, 178, 184-245, 248
app/__main__.py                                8      8     0%   1-10
app/api/__init__.py                            0      0   100%
app/api/v1/__init__.py                         0      0   100%
app/api/v1/auth.py                           189     28    85%   100, 141-143, 157, 160, 162, 166, 168, 171, 174, 199-202, 213, 237, 242, 245, 247, 249, 263, 272, 286, 288, 291, 310, 312
app/api/v1/auth_utils.py                      90     24    73%   28, 48, 60-61, 64, 101-108, 115-125
app/api/v1/categories.py                      72     72     0%   1-108
app/api/v1/categories_restx.py               110     83    25%   22-38, 45-76, 83-99, 106-140, 145-171
app/api/v1/ops.py                            140     38    73%   22, 31-32, 44-45, 47, 55-56, 62-67, 75-76, 100-103, 129-130, 153-154, 166-167, 178-179, 185-194
app/api/v1/payments.py                       223     70    69%   28-29, 55, 57, 71-73, 85-125, 142, 146, 149-165, 176-192, 237, 259, 262-265, 269, 272, 287, 321, 343-345
app/api/v1/prices.py                          17     17     0%   1-24
app/api/v1/products.py                        13     13     0%   1-23
app/api/v1/products_restx.py                 117     89    24%   26-45, 52-98, 105-121, 128-166, 171-186
app/api/v1/reviews.py                          0      0   100%
app/api/v1/reviews_restx.py                   44     44     0%   1-71
app/api/v1/special_offers.py                   8      8     0%   1-18
app/api/v1/users.py                            8      8     0%   2-14
app/api/v1/users_restx.py                     65     35    46%   39, 46-66, 74-77, 83-91, 95-100
app/commands.py                               20     20     0%   1-27
app/extensions.py                              2      0   100%
app/forms.py                                  13     13     0%   1-16
app/models/__init__.py                        27      0   100%
app/models/association_tables.py               0      0   100%
app/models/base_model.py                       9      0   100%
app/models/cart.py                             9      0   100%
app/models/category.py                        16      4    75%   18-21, 28
app/models/contact.py                         14      0   100%
app/models/order.py                           59      0   100%
app/models/price.py                           10     10     0%   3-16
app/models/review.py                           8      8     0%   1-10
app/models/settings.py                        28      0   100%
app/models/shop_theme.py                      37      0   100%
app/models/user.py                            39      1    97%   31
app/persistence/__init__.py                    4      4     0%   1-4
app/persistence/category_repository.py        90     90     0%   1-125
app/persistence/price_repository.py            6      6     0%   1-8
app/persistence/product_repository.py          4      4     0%   1-5
app/persistence/repository.py                  0      0   100%
app/persistence/review_repository.py           0      0   100%
app/persistence/sqlalchemy_repository.py       0      0   100%
app/persistence/user_repository.py             0      0   100%
app/routes.py                                358    137    62%   95, 98-100, 124-140, 145-148, 164, 172, 176, 197-199, 207-208, 221, 226, 235-236, 250-252, 262, 272-273, 278-323, 328-360, 375, 379, 390-391, 406-407, 415-417, 442, 448, 452, 456, 458-461, 463-466, 470-471, 475-476, 478, 480-483, 492-494, 502-514, 525-526, 544, 563, 568-569, 578, 584, 602
app/services/__init__.py                       0      0   100%
app/services/account_verification.py          90     21    77%   30, 43, 53, 56, 64, 77, 79, 96, 98, 101, 122-134
app/services/checkout_service.py             267     41    85%   72-78, 100, 115, 178-182, 189, 192, 203, 228-231, 235, 252-253, 255, 261, 271, 287-288, 290, 299-300, 305, 323, 326, 382, 385, 390, 392, 405, 464-465
app/services/demo_accounts.py                 99     12    88%   193, 196-197, 203, 206-207, 239-244
app/services/facade.py                         8      8     0%   1-15
app/services/login_lockout.py                 40      4    90%   16, 19, 21, 34
app/services/mailer.py                        37     22    41%   18, 22-42
app/services/product_images.py                59      9    85%   21-25, 41, 50, 52, 75
app/services/profile_service.py               44     14    68%   27, 37-46, 51, 56-59, 65
app/services/shop_commerce.py                238     45    81%   25, 27, 38, 47, 51, 71-72, 92, 95, 99, 103, 107-108, 110, 124, 170, 180, 219, 221-224, 235, 241, 243, 250-251, 253, 255-264, 271-276, 283-284, 286
app/services/shop_ops.py                     289     61    79%   27-28, 37, 44, 53, 57-58, 60, 85, 87, 90-91, 93, 96, 103, 106, 123, 126, 128, 130, 138-139, 141, 150, 169, 177, 180-181, 190, 193-194, 197, 201, 210, 218, 228, 237, 249, 257-258, 271, 273, 275, 277, 284-285, 297, 300, 305, 307, 311, 317-318, 332-337, 354, 356
app/services/shop_themes.py                  281     72    74%   213, 227, 229, 237, 252, 280, 310-339, 364-370, 384-412, 423-426, 447, 450, 453, 457, 481, 499, 507, 534-535
app/services/stripe_service.py                59     59     0%   1-118
------------------------------------------------------------------------
TOTAL                                       3503   1258    64%
