Name                                       Stmts   Miss  Cover   Missing
------------------------------------------------------------------------
app/__init__.py                              114     58    49%   30, 40-47, 133-134, 143-145, 148-209, 212
app/__main__.py                                8      8     0%   1-10
app/api/__init__.py                            0      0   100%
app/api/v1/__init__.py                         0      0   100%
app/api/v1/auth.py                            56     12    79%   47, 51, 66-68, 82, 85, 88, 110-113
app/api/v1/auth_utils.py                      83     24    71%   13, 33, 45-46, 49, 85-92, 99-109
app/api/v1/categories.py                      72     72     0%   1-108
app/api/v1/categories_restx.py               119     93    22%   22-40, 47-80, 87-104, 111-147, 152-181
app/api/v1/payments.py                       185     73    61%   28-29, 33-36, 62, 75-77, 85-124, 132-154, 162-181, 219, 240, 243-246, 250, 253, 293-295
app/api/v1/prices.py                          17     17     0%   1-24
app/api/v1/products.py                        13     13     0%   1-23
app/api/v1/products_restx.py                 113     88    22%   24-45, 52-95, 102-116, 123-156, 161-183
app/api/v1/reviews.py                          0      0   100%
app/api/v1/reviews_restx.py                   44     44     0%   1-71
app/api/v1/special_offers.py                   8      8     0%   1-18
app/api/v1/users.py                           21     21     0%   2-40
app/api/v1/users_restx.py                     67     38    43%   36, 43-63, 71-74, 80-92, 96-101
app/commands.py                               20     20     0%   1-27
app/extensions.py                              2      0   100%
app/forms.py                                  13     13     0%   1-16
app/models/__init__.py                        20      0   100%
app/models/association_tables.py               0      0   100%
app/models/base_model.py                       9      0   100%
app/models/category.py                        16      4    75%   18-21, 28
app/models/order.py                           48      0   100%
app/models/price.py                           10     10     0%   3-16
app/models/review.py                           8      8     0%   1-10
app/models/shop_theme.py                      37      0   100%
app/models/user.py                            31      1    97%   22
app/persistence/__init__.py                    4      4     0%   1-4
app/persistence/category_repository.py        90     90     0%   1-125
app/persistence/price_repository.py            6      6     0%   1-8
app/persistence/product_repository.py          4      4     0%   1-5
app/persistence/repository.py                  0      0   100%
app/persistence/review_repository.py           0      0   100%
app/persistence/sqlalchemy_repository.py       0      0   100%
app/persistence/user_repository.py             0      0   100%
app/routes.py                                377    194    49%   68, 113, 121, 124-126, 133, 135, 149-168, 173-176, 192, 200, 204, 225-227, 232-236, 251, 256, 266-267, 282-311, 316-368, 373-413, 428, 432, 450-451, 459-461, 478-479, 484-530, 535-550, 561-562, 580, 599, 604-605, 617-635, 640, 646, 656, 662-664
app/services/__init__.py                       0      0   100%
app/services/checkout_service.py             224     47    79%   72-78, 100, 113, 168-172, 179, 182, 193, 217-220, 224, 244, 260-261, 263, 272-273, 278, 328, 330, 332, 347-364
app/services/demo_accounts.py                 87     10    89%   180, 183-184, 190, 193-194, 221-224
app/services/facade.py                         8      8     0%   1-15
app/services/product_images.py                45      4    91%   28, 37, 39, 58
app/services/shop_themes.py                  283     74    74%   199, 213, 227, 229, 237, 252, 280, 310, 314, 316-318, 320-340, 365-371, 385-413, 424-427, 447, 450, 453, 457, 460, 483, 501, 509, 523-525, 536-537
app/services/stripe_service.py                68     68     0%   1-156
------------------------------------------------------------------------
TOTAL                                       2330   1134    51%
